<?xml version="1.0" encoding="UTF-8"?>
<!-- Generated by org.testng.reporters.JUnitXMLReporter -->
<testsuite hostname="Lenovo" ignored="0" name="Default test" tests="3" failures="0" timestamp="2021-03-10T11:00:47 IST" time="0.495" errors="0">
  <testcase name="credentials" time="0.064" classname="com.TestNg_Concepts.Data_Provider"/>
  <testcase name="credentials" time="0.008" classname="com.TestNg_Concepts.Data_Provider"/>
  <testcase name="credentials" time="0.008" classname="com.TestNg_Concepts.Data_Provider"/>
</testsuite> <!-- Default test -->
