<?xml version="1.0" encoding="UTF-8"?>
<testng-results skipped="0" failed="0" ignored="0" total="3" passed="3">
  <reporter-output>
  </reporter-output>
  <suite name="Default suite" duration-ms="495" started-at="2021-03-10T11:00:45 IST" finished-at="2021-03-10T11:00:46 IST">
    <groups>
    </groups>
    <test name="Default test" duration-ms="495" started-at="2021-03-10T11:00:45 IST" finished-at="2021-03-10T11:00:46 IST">
      <class name="com.TestNg_Concepts.Data_Provider">
        <test-method status="PASS" signature="credentials(java.lang.String, int)[pri:0, instance:com.TestNg_Concepts.Data_Provider@52a86356]" name="credentials" duration-ms="64" started-at="2021-03-10T11:00:46 IST" data-provider="test_Data" finished-at="2021-03-10T11:00:46 IST">
          <params>
            <param index="0">
              <value>
                <![CDATA[smith]]>
              </value>
            </param>
            <param index="1">
              <value>
                <![CDATA[123]]>
              </value>
            </param>
          </params>
          <reporter-output>
          </reporter-output>
        </test-method> <!-- credentials -->
        <test-method status="PASS" signature="credentials(java.lang.String, int)[pri:0, instance:com.TestNg_Concepts.Data_Provider@52a86356]" name="credentials" duration-ms="8" started-at="2021-03-10T11:00:46 IST" data-provider="test_Data" finished-at="2021-03-10T11:00:46 IST">
          <params>
            <param index="0">
              <value>
                <![CDATA[starc]]>
              </value>
            </param>
            <param index="1">
              <value>
                <![CDATA[456]]>
              </value>
            </param>
          </params>
          <reporter-output>
          </reporter-output>
        </test-method> <!-- credentials -->
        <test-method status="PASS" signature="credentials(java.lang.String, int)[pri:0, instance:com.TestNg_Concepts.Data_Provider@52a86356]" name="credentials" duration-ms="8" started-at="2021-03-10T11:00:46 IST" data-provider="test_Data" finished-at="2021-03-10T11:00:46 IST">
          <params>
            <param index="0">
              <value>
                <![CDATA[watson]]>
              </value>
            </param>
            <param index="1">
              <value>
                <![CDATA[567]]>
              </value>
            </param>
          </params>
          <reporter-output>
          </reporter-output>
        </test-method> <!-- credentials -->
      </class> <!-- com.TestNg_Concepts.Data_Provider -->
    </test> <!-- Default test -->
  </suite> <!-- Default suite -->
</testng-results>
